<?xml version="1.0" encoding="UTF-8"?>
<!-- Generated by org.testng.reporters.JUnitReportReporter -->
<testsuite skipped="0" hostname="DESKTOP-00MUBMV" name="tasks.TC_tasks_001_Test" tests="1" failures="0" timestamp="2022-08-03T12:11:40 IST" time="6.458" errors="0">
  <testcase name="test" time="6.458" classname="tasks.TC_tasks_001_Test"/>
  <system-out/>
</testsuite> <!-- tasks.TC_tasks_001_Test -->
